0 info it worked if it ends with ok
1 verbose cli [ 'C:\\Program Files\\nodejs\\node.exe',
1 verbose cli   'C:\\Program Files\\nodejs\\node_modules\\npm\\bin\\npm-cli.js',
1 verbose cli   'start' ]
2 info using npm@3.10.10
3 info using node@v6.14.4
4 verbose run-script [ 'prestart', 'start', 'poststart' ]
5 info lifecycle best-draft-api@1.0.0~prestart: best-draft-api@1.0.0
6 silly lifecycle best-draft-api@1.0.0~prestart: no script for prestart, continuing
7 info lifecycle best-draft-api@1.0.0~start: best-draft-api@1.0.0
8 verbose lifecycle best-draft-api@1.0.0~start: unsafe-perm in lifecycle true
9 verbose lifecycle best-draft-api@1.0.0~start: PATH: C:\Users\t.dela.rosa.lopes\AppData\Roaming\nvm\v6.14.4\node_modules\npm\bin\node-gyp-bin;C:\dev\personal\best-draft-api\node_modules\.bin;C:\Program Files\Git\mingw64\bin;C:\Program Files\Git\usr\bin;C:\Users\t.dela.rosa.lopes\bin;C:\windows\system32;C:\windows;C:\windows\System32\Wbem;C:\windows\System32\WindowsPowerShell\v1.0;C:\windows\System32\OpenSSH;C:\Program Files\Microsoft SQL Server\Client SDK\ODBC\130\Tools\Binn;C:\Program Files (x86)\Microsoft SQL Server\140\Tools\Binn;C:\Program Files\Microsoft SQL Server\140\Tools\Binn;C:\Program Files\Microsoft SQL Server\140\DTS\Binn;C:\ProgramData\chocolatey\bin;C:\Program Files (x86)\Yarn\bin;C:\Program Files\Git\cmd;C:\Users\t.dela.rosa.lopes\AppData\Roaming\nvm;C:\Program Files\nodejs;C:\Program Files\Docker\Docker\resources\bin;C:\ProgramData\DockerDesktop\version-bin;C:\Users\t.dela.rosa.lopes\.windows-build-tools\python27;C:\Users\t.dela.rosa.lopes\AppData\Local\Programs\Python\Python38-32\Scripts;C:\Users\t.dela.rosa.lopes\AppData\Local\Programs\Python\Python38-32;C:\Users\t.dela.rosa.lopes\AppData\Local\Microsoft\WindowsApps;C:\Users\t.dela.rosa.lopes\AppData\Local\Programs\Microsoft VS Code\bin;C:\Users\t.dela.rosa.lopes\AppData\Roaming\npm;C:\Users\t.dela.rosa.lopes\AppData\Local\hyper\app-3.0.2\resources\bin;C:\Users\t.dela.rosa.lopes\AppData\Roaming\nvm;C:\Program Files\nodejs
10 verbose lifecycle best-draft-api@1.0.0~start: CWD: C:\dev\personal\best-draft-api
11 silly lifecycle best-draft-api@1.0.0~start: Args: [ '/d /s /c', 'ts-node src/index.ts' ]
12 silly lifecycle best-draft-api@1.0.0~start: Returned: code: 1  signal: null
13 info lifecycle best-draft-api@1.0.0~start: Failed to exec start script
14 verbose stack Error: best-draft-api@1.0.0 start: `ts-node src/index.ts`
14 verbose stack Exit status 1
14 verbose stack     at EventEmitter.<anonymous> (C:\Users\t.dela.rosa.lopes\AppData\Roaming\nvm\v6.14.4\node_modules\npm\lib\utils\lifecycle.js:255:16)
14 verbose stack     at emitTwo (events.js:106:13)
14 verbose stack     at EventEmitter.emit (events.js:191:7)
14 verbose stack     at ChildProcess.<anonymous> (C:\Users\t.dela.rosa.lopes\AppData\Roaming\nvm\v6.14.4\node_modules\npm\lib\utils\spawn.js:40:14)
14 verbose stack     at emitTwo (events.js:106:13)
14 verbose stack     at ChildProcess.emit (events.js:191:7)
14 verbose stack     at maybeClose (internal/child_process.js:920:16)
14 verbose stack     at Process.ChildProcess._handle.onexit (internal/child_process.js:230:5)
15 verbose pkgid best-draft-api@1.0.0
16 verbose cwd C:\dev\personal\best-draft-api
17 error Windows_NT 10.0.18363
18 error argv "C:\\Program Files\\nodejs\\node.exe" "C:\\Program Files\\nodejs\\node_modules\\npm\\bin\\npm-cli.js" "start"
19 error node v6.14.4
20 error npm  v3.10.10
21 error code ELIFECYCLE
22 error best-draft-api@1.0.0 start: `ts-node src/index.ts`
22 error Exit status 1
23 error Failed at the best-draft-api@1.0.0 start script 'ts-node src/index.ts'.
23 error Make sure you have the latest version of node.js and npm installed.
23 error If you do, this is most likely a problem with the best-draft-api package,
23 error not with npm itself.
23 error Tell the author that this fails on your system:
23 error     ts-node src/index.ts
23 error You can get information on how to open an issue for this project with:
23 error     npm bugs best-draft-api
23 error Or if that isn't available, you can get their info via:
23 error     npm owner ls best-draft-api
23 error There is likely additional logging output above.
24 verbose exit [ 1, true ]
